Arguments: 
  C:\Program Files\nodejs\node.exe C:\Program Files (x86)\Yarn\bin\yarn.js add loader.css react react-axios react-dom react-scripts semantic-ui-css semantic-ui-react

PATH: 
  C:\ProgramData\DockerDesktop\version-bin;C:\Program Files\Docker\Docker\Resources\bin;C:\Program Files\Java\jdk-11.0.2\bin\;C:\Program Files (x86)\Common Files\Oracle\Java\javapath;C:\WINDOWS\system32;C:\WINDOWS;C:\WINDOWS\System32\Wbem;C:\WINDOWS\System32\WindowsPowerShell\v1.0\;C:\WINDOWS\System32\OpenSSH\;C:\Program Files\Git\cmd;C:\Program Files\Git\mingw64\bin;C:\Program Files\Git\usr\bin;C:\Program Files\nodejs\;C:\Users\i507145\Downloads\apache-maven-3.6.0\;C:\Users\i507145\Downloads\apache-maven-3.6.0\bin\;C:\Program Files\Cloud Foundry;C:\Go\bin;C:\Program Files\Java\jdk1.8.0_201\bin\;C:\Users\i507145\Downloads\apache-tomcat-9.0.14\bin\;C:\HaxeToolkit\haxe\;C:\HaxeToolkit\neko;C:\Users\i507145\Downloads\antlr4\;C:\Users\i507145\Downloads\flutter\bin\;C:\Users\i507145\Downloads\apache-ant-1.10.5\bin;C:\Users\i507145\Downloads\apache-jmeter-5.1.1\bin;C:\Program Files (x86)\Windows Kits\10\Windows Performance Toolkit\;C:\Program Files (x86)\Yarn\bin\;C:\ProgramData\chocolatey\bin;C:\Program Files\mingw-w64\x86_64-8.1.0-posix-seh-rt_v6-rev0\mingw64\bin\;C:\Program Files\mingw-w64\x86_64-8.1.0-posix-seh-rt_v6-rev0\mingw64\bin\\gcc.exe;C:\Python27\;C:\Python27\Scripts\;C:\Users\i507145\AppData\Local\Programs\Python\Python37\;C:\Users\i507145\AppData\Local\Programs\Python\Python37\Scripts\;C:\Program Files\Java\jdk-11.0.2\bin\;C:\Program Files (x86)\Common Files\Oracle\Java\javapath;C:\WINDOWS\system32;C:\WINDOWS;C:\WINDOWS\System32\Wbem;C:\WINDOWS\System32\WindowsPowerShell\v1.0\;C:\WINDOWS\System32\OpenSSH\;C:\Program Files\Git\cmd;C:\Program Files\Git\mingw64\bin;C:\Program Files\Git\usr\bin;C:\Program Files\nodejs\;C:\Users\i507145\Downloads\apache-maven-3.6.0\;C:\Users\i507145\Downloads\apache-maven-3.6.0\bin\;C:\Program Files\Cloud Foundry;C:\Go\bin;C:\Program Files\Java\jdk1.8.0_201\bin\;C:\Users\i507145\Downloads\apache-tomcat-9.0.14\bin\;C:\Program Files\Redis\;C:\HaxeToolkit\haxe\;C:\HaxeToolkit\neko;C:\Users\i507145\Downloads\antlr4\;C:\Users\i507145\Downloads\flutter\bin\;C:\Pr;C:\Users\i507145\AppData\Local\Programs\Microsoft VS Code\bin;C:\Users\i507145\go\bin;C:\Users\i507145\Downloads\axis2-1.7.9\\bin;C:\Users\i507145\AppData\Roaming\npm\;C:\Users\i507145\Downloads\ffmpeg\bin\;C:\Users\i507145\Downloads\micro\;C:\Users\i507145\Downloads\ColorTool\;C:\Users\i507145\AppData\Local\hyper\app-3.0.2\resources\bin;C:\Users\i507145\AppData\Local\Yarn\bin;C:\Users\i507145\AppData\Local\Microsoft\WindowsApps;C:\Users\i507145\Downloads\chromedriver\;C:\Users\i507145\Downloads\bosh-cli-5.5.1-windows-amd64\;C:\Users\i507145\Downloads\mta\;C:\Program Files\JetBrains\IntelliJ IDEA Community Edition 2019.1.3\bin;C:\Users\i507145\Downloads\groovy-2.5.7\bin\;C:\Program Files\JetBrains\GoLand 2019.2.1\bin;

Yarn version: 
  1.16.0

Node version: 
  10.15.0

Platform: 
  win32 x64

Trace: 
  Error: https://registry.yarnpkg.com/loader.css: Not found
      at Request.params.callback [as _callback] (C:\Program Files (x86)\Yarn\lib\cli.js:65200:18)
      at Request.self.callback (C:\Program Files (x86)\Yarn\lib\cli.js:129590:22)
      at Request.emit (events.js:182:13)
      at Request.<anonymous> (C:\Program Files (x86)\Yarn\lib\cli.js:130562:10)
      at Request.emit (events.js:182:13)
      at IncomingMessage.<anonymous> (C:\Program Files (x86)\Yarn\lib\cli.js:130484:12)
      at Object.onceWrapper (events.js:273:13)
      at IncomingMessage.emit (events.js:187:15)
      at endReadableNT (_stream_readable.js:1094:12)
      at process._tickCallback (internal/process/next_tick.js:63:19)

npm manifest: 
  {
    "name": "fse-ui",
    "version": "1.0.0",
    "description": "fse ui",
    "main": "index.js",
    "scripts": {
      "test": "echo \"Error: no test specified\" && exit 1"
    },
    "author": "",
    "license": "ISC"
  }

yarn manifest: 
  No manifest

Lockfile: 
  No lockfile
